2023-09-17 20:51:02.731  INFO 6504 --- [main] c.rahulshettyacademy.CoursesApplication  : Starting CoursesApplication using Java 18.0.1.1 on EPINPUNW0254 with PID 6504 (D:\practice_workspace\java_space\rahul-shetty-pact-testing\Courses\target\classes started by Kiranmoy_Paul in D:\practice_workspace\java_space\rahul-shetty-pact-testing\Courses)
2023-09-17 20:51:02.740  INFO 6504 --- [main] c.rahulshettyacademy.CoursesApplication  : No active profile set, falling back to default profiles: default
2023-09-17 20:51:03.903  INFO 6504 --- [main] .s.d.r.c.RepositoryConfigurationDelegate : Bootstrapping Spring Data JPA repositories in DEFAULT mode.
2023-09-17 20:51:04.010  INFO 6504 --- [main] .s.d.r.c.RepositoryConfigurationDelegate : Finished Spring Data repository scanning in 88 ms. Found 1 JPA repository interfaces.
2023-09-17 20:51:04.946  INFO 6504 --- [main] o.s.b.w.embedded.tomcat.TomcatWebServer  : Tomcat initialized with port(s): 9191 (http)
2023-09-17 20:51:04.970  INFO 6504 --- [main] o.apache.catalina.core.StandardService   : Starting service [Tomcat]
2023-09-17 20:51:04.971  INFO 6504 --- [main] org.apache.catalina.core.StandardEngine  : Starting Servlet engine: [Apache Tomcat/9.0.55]
2023-09-17 20:51:05.165  INFO 6504 --- [main] o.a.c.c.C.[Tomcat].[localhost].[/]       : Initializing Spring embedded WebApplicationContext
2023-09-17 20:51:05.165  INFO 6504 --- [main] w.s.c.ServletWebServerApplicationContext : Root WebApplicationContext: initialization completed in 2040 ms
2023-09-17 20:51:05.514  INFO 6504 --- [main] o.hibernate.jpa.internal.util.LogHelper  : HHH000204: Processing PersistenceUnitInfo [name: default]
2023-09-17 20:51:05.609  INFO 6504 --- [main] org.hibernate.Version                    : HHH000412: Hibernate ORM core version 5.6.1.Final
2023-09-17 20:51:05.902  INFO 6504 --- [main] o.hibernate.annotations.common.Version   : HCANN000001: Hibernate Commons Annotations {5.1.2.Final}
2023-09-17 20:51:06.131  INFO 6504 --- [main] com.zaxxer.hikari.HikariDataSource       : HikariPool-1 - Starting...
2023-09-17 20:51:06.137  WARN 6504 --- [main] com.zaxxer.hikari.util.DriverDataSource  : Registered driver with driverClassName=com.mysql.jdbc.Driver was not found, trying direct instantiation.
2023-09-17 20:51:07.828  INFO 6504 --- [main] com.zaxxer.hikari.HikariDataSource       : HikariPool-1 - Start completed.
2023-09-17 20:51:07.859  INFO 6504 --- [main] org.hibernate.dialect.Dialect            : HHH000400: Using dialect: org.hibernate.dialect.MySQL5InnoDBDialect
2023-09-17 20:51:09.233  INFO 6504 --- [main] o.h.e.t.j.p.i.JtaPlatformInitiator       : HHH000490: Using JtaPlatform implementation: [org.hibernate.engine.transaction.jta.platform.internal.NoJtaPlatform]
2023-09-17 20:51:09.242  INFO 6504 --- [main] j.LocalContainerEntityManagerFactoryBean : Initialized JPA EntityManagerFactory for persistence unit 'default'
2023-09-17 20:51:09.630  WARN 6504 --- [main] JpaBaseConfiguration$JpaWebConfiguration : spring.jpa.open-in-view is enabled by default. Therefore, database queries may be performed during view rendering. Explicitly configure spring.jpa.open-in-view to disable this warning
2023-09-17 20:51:10.091  INFO 6504 --- [main] o.s.b.w.embedded.tomcat.TomcatWebServer  : Tomcat started on port(s): 9191 (http) with context path ''
2023-09-17 20:51:10.108  INFO 6504 --- [main] c.rahulshettyacademy.CoursesApplication  : Started CoursesApplication in 8.029 seconds (JVM running for 8.674)
2023-09-17 20:52:17.131  INFO 6504 --- [http-nio-9191-exec-2] o.a.c.c.C.[Tomcat].[localhost].[/]       : Initializing Spring DispatcherServlet 'dispatcherServlet'
2023-09-17 20:52:17.131  INFO 6504 --- [http-nio-9191-exec-2] o.s.web.servlet.DispatcherServlet        : Initializing Servlet 'dispatcherServlet'
2023-09-17 20:52:17.132  INFO 6504 --- [http-nio-9191-exec-2] o.s.web.servlet.DispatcherServlet        : Completed initialization in 1 ms
2023-09-17 20:54:17.756  INFO 6504 --- [SpringApplicationShutdownHook] j.LocalContainerEntityManagerFactoryBean : Closing JPA EntityManagerFactory for persistence unit 'default'
2023-09-17 20:54:17.758  INFO 6504 --- [SpringApplicationShutdownHook] com.zaxxer.hikari.HikariDataSource       : HikariPool-1 - Shutdown initiated...
2023-09-17 20:54:17.770  INFO 6504 --- [SpringApplicationShutdownHook] com.zaxxer.hikari.HikariDataSource       : HikariPool-1 - Shutdown completed.
